Camera matrix : 

[[608.38952271   0.         332.60130193]
 [  0.         610.59807426 236.58507294]
 [  0.           0.           1.        ]]
dist : 

[[ 4.37497365e-03  1.00194965e+00  2.16935638e-03  1.52115177e-03
  -3.65383255e+00]]
rvecs : 

(array([[ 0.27320956],
       [-0.01438699],
       [ 0.98643842]]), array([[ 0.63283121],
       [-0.09824829],
       [ 0.21434341]]), array([[ 0.66606783],
       [-0.10413307],
       [ 0.22717437]]), array([[ 0.28503662],
       [-0.0171707 ],
       [ 0.98226689]]), array([[ 0.72309083],
       [-0.11568166],
       [ 0.2293554 ]]), array([[ 0.36148094],
       [-0.01864555],
       [ 0.87753484]]), array([[ 0.72579429],
       [-0.11165161],
       [ 0.2342904 ]]), array([[ 0.58450057],
       [-0.20224646],
       [ 1.09977592]]), array([[ 0.5650103 ],
       [-0.22573261],
       [ 1.11682129]]), array([[ 0.591676  ],
       [-0.21220788],
       [ 1.11964205]]), array([[-0.54642868],
       [ 0.82201672],
       [ 1.72940167]]), array([[-0.54541539],
       [ 0.84121863],
       [ 1.71355623]]), array([[ 1.02894903],
       [ 0.46713508],
       [-1.20228453]]), array([[ 1.03567342],
       [ 0.468669  ],
       [-1.19656315]]), array([[-0.19235134],
       [ 0.81055078],
       [ 1.94518684]]), array([[ 1.04373525],
       [ 0.46375069],
       [-1.18809326]]), array([[-0.53979064],
       [ 0.85263308],
       [ 1.73288595]]), array([[ 1.01742453],
       [ 0.46566232],
       [-1.21256871]]), array([[ 1.02624397],
       [ 0.46644989],
       [-1.20615919]]), array([[-0.80622289],
       [ 0.20324574],
       [ 1.31215151]]), array([[-0.54655265],
       [ 0.85614531],
       [ 1.72348828]]), array([[-0.54709943],
       [ 0.85297816],
       [ 1.72320437]]), array([[-0.63706899],
       [ 0.43410094],
       [ 1.3601282 ]]), array([[1.22211209e-03],
       [8.31856425e-01],
       [2.08095570e+00]]), array([[-0.06954745],
       [ 0.86817715],
       [ 2.08035042]]), array([[-0.66284567],
       [ 0.39472525],
       [ 1.37442406]]), array([[-0.0197614 ],
       [ 0.76150065],
       [ 2.05093912]]), array([[-0.64315126],
       [ 0.4579123 ],
       [ 1.34220204]]), array([[-0.67479439],
       [ 0.45299675],
       [ 1.34118778]]), array([[-0.13356002],
       [ 0.80450616],
       [ 1.98100476]]), array([[-0.17696629],
       [ 0.75635095],
       [ 1.96724174]]), array([[-0.16440571],
       [ 0.78505557],
       [ 1.95896924]]), array([[-0.16738481],
       [ 0.80990687],
       [ 1.94760632]]), array([[-0.22100092],
       [ 0.7495599 ],
       [ 1.95836273]]), array([[ 0.5454446 ],
       [-0.22389491],
       [ 1.12688058]]), array([[-0.590654  ],
       [ 0.88115641],
       [ 1.70347465]]), array([[ 0.78253613],
       [-0.02468432],
       [ 0.09846954]]), array([[-0.5857203 ],
       [ 0.87681401],
       [ 1.70728899]]), array([[-0.59254193],
       [ 0.02451239],
       [ 1.266399  ]]), array([[-0.55278159],
       [ 0.80532208],
       [ 1.72514069]]), array([[-0.62659147],
       [-0.23024969],
       [ 1.25672236]]), array([[-0.55155875],
       [ 0.80742962],
       [ 1.72376486]]), array([[-0.63552417],
       [ 0.13331701],
       [ 1.2880279 ]]), array([[-0.04727262],
       [-0.08737797],
       [ 1.18260179]]), array([[ 0.78232391],
       [-0.37492382],
       [ 1.14345645]]), array([[-0.54986922],
       [-0.28858921],
       [ 1.34860834]]), array([[ 0.77349901],
       [-0.37997349],
       [ 1.14958552]]), array([[-0.56674587],
       [-0.20348597],
       [ 1.30801924]]), array([[ 0.71860589],
       [-0.11396468],
       [ 0.23058794]]), array([[ 0.7582079 ],
       [-0.09895425],
       [ 0.20095731]]), array([[-0.57418678],
       [-0.20302766],
       [ 1.31631301]]), array([[-0.03564835],
       [-0.07806849],
       [ 1.15864296]]))
tvecs : 

(array([[ 0.12607437],
       [-3.84794549],
       [13.66986938]]), array([[-1.83361223],
       [-1.17005463],
       [11.42280209]]), array([[-1.88580031],
       [-1.43730829],
       [11.46722007]]), array([[ 0.19333669],
       [-3.91287351],
       [13.64632087]]), array([[-1.9440551 ],
       [-2.29158782],
       [11.35508159]]), array([[-0.0355672 ],
       [-3.56825911],
       [13.74657061]]), array([[-1.8956905 ],
       [-2.46417099],
       [11.3470778 ]]), array([[ 2.06302052],
       [-1.98687916],
       [10.45901451]]), array([[ 1.63310979],
       [-2.07751464],
       [10.37784733]]), array([[ 1.90000876],
       [-2.38314979],
       [10.43776095]]), array([[ 3.33062508],
       [-0.25624078],
       [17.54652458]]), array([[ 3.33312494],
       [-0.0613477 ],
       [17.62922723]]), array([[-4.36789013],
       [ 1.02283797],
       [12.18338773]]), array([[-4.43678653],
       [ 0.90901919],
       [12.13248358]]), array([[ 4.53234653],
       [-1.75201983],
       [14.0204373 ]]), array([[-4.62350574],
       [ 0.85547968],
       [12.06261167]]), array([[ 3.81822096],
       [-0.03816779],
       [17.69001057]]), array([[-4.20710808],
       [ 1.23352174],
       [12.23098886]]), array([[-4.292224  ],
       [ 1.15371516],
       [12.17161688]]), array([[ 1.87264077],
       [-3.47670963],
       [16.26278081]]), array([[ 3.65915144],
       [ 0.11802272],
       [17.72135413]]), array([[ 3.549692  ],
       [ 0.08295438],
       [17.70844605]]), array([[ 3.38959738],
       [-3.85307236],
       [17.17332852]]), array([[ 5.77329207],
       [-2.30795061],
       [13.57479287]]), array([[ 5.77820967],
       [-1.7877571 ],
       [14.29348397]]), array([[ 2.980092  ],
       [-4.21634546],
       [16.94738015]]), array([[ 4.22928347],
       [-2.46043886],
       [13.28677572]]), array([[ 3.39811705],
       [-3.46438066],
       [17.37897053]]), array([[ 3.14874653],
       [-3.15405055],
       [17.45971214]]), array([[ 3.254929  ],
       [-1.53813483],
       [14.05453361]]), array([[ 4.2013044 ],
       [-2.21474783],
       [14.25405592]]), array([[ 2.98423032],
       [-1.43464743],
       [14.34760432]]), array([[ 3.13511387],
       [-1.29459906],
       [14.20623205]]), array([[ 3.67771704],
       [-1.77054503],
       [15.03109984]]), array([[ 1.86094294],
       [-2.08107337],
       [10.58301679]]), array([[ 3.17103775],
       [ 1.0206864 ],
       [17.55378364]]), array([[-2.07707346],
       [-2.67756505],
       [11.3316853 ]]), array([[ 3.26654823],
       [ 0.74469549],
       [17.62219048]]), array([[ 3.59152376],
       [-4.21893358],
       [14.84751554]]), array([[ 3.05544816],
       [-0.36704378],
       [17.50334582]]), array([[ 1.66606546],
       [-2.88448813],
       [17.85610505]]), array([[ 3.00764788],
       [-0.43857728],
       [17.44337781]]), array([[ 3.28986124],
       [-4.45657129],
       [15.33548787]]), array([[ 4.13001348],
       [-3.18043554],
       [16.54385263]]), array([[ 2.55956547],
       [-1.76314434],
       [ 8.47937985]]), array([[ 3.8019722 ],
       [-4.40546376],
       [17.42521705]]), array([[ 2.46499194],
       [-1.87837138],
       [ 8.48420553]]), array([[ 3.15626595],
       [-3.18955353],
       [18.14989401]]), array([[-1.92239187],
       [-2.33325274],
       [11.36362952]]), array([[-1.95988521],
       [-2.41525317],
       [11.3334411 ]]), array([[ 3.56255152],
       [-3.53260038],
       [18.14849994]]), array([[ 4.60480526],
       [-3.44182972],
       [16.47580177]]))
